<?xml version="1.0" encoding="UTF-8"?>
<testsuite xmlns:xsi="http://www.w3.org/2001/XMLSchema-instance" xsi:noNamespaceSchemaLocation="https://maven.apache.org/surefire/maven-surefire-plugin/xsd/surefire-test-report.xsd" name="pt.uevora.TestConferencia" time="0.001" tests="4" errors="0" skipped="0" failures="0">
  <properties>
[...]
</properties>
  <testcase name="testDataValida" classname="pt.uevora.TestConferencia" time="0"/>
  <testcase name="testSetGetDataLimite" classname="pt.uevora.TestConferencia" time="0"/>
  <testcase name="testAddGetArtigo" classname="pt.uevora.TestConferencia" time="0"/>
  <testcase name="testAddGetParticipante" classname="pt.uevora.TestConferencia" time="0"/>
</testsuite>